<?xml version="1.0" encoding="UTF-8"?>
<testsuite name="com.bridgelabz.TestAnalyser" tests="1" skipped="0" failures="0" errors="0" timestamp="2022-07-23T14:01:51" hostname="DESKTOP-8DEVOGL" time="0.027">
  <properties/>
  <testcase name="testCensusAnalyser()" classname="com.bridgelabz.TestAnalyser" time="0.027"/>
  <system-out><![CDATA[]]></system-out>
  <system-err><![CDATA[]]></system-err>
</testsuite>
